[1.071s] Invoking command in '/home/rism/ros2_ws/src/py_pubsub': PYTHONPATH=/home/rism/ros2_ws/build/py_pubsub/prefix_override:/usr/lib/python3/dist-packages/colcon_core/task/python/colcon_distutils_commands:/home/rism/ros2_ws/install/py_pubsub/lib/python3.8/site-packages:${PYTHONPATH} /usr/bin/python3 -W ignore:setup.py install is deprecated -W ignore:easy_install command is deprecated setup.py egg_info --egg-base ../../build/py_pubsub build --build-base /home/rism/ros2_ws/build/py_pubsub/build install --record /home/rism/ros2_ws/build/py_pubsub/install.log --install-scripts $base/lib/py_pubsub --single-version-externally-managed install_data
[1.404s] running egg_info
[1.404s] creating ../../build/py_pubsub/py_pubsub.egg-info
[1.404s] writing ../../build/py_pubsub/py_pubsub.egg-info/PKG-INFO
[1.404s] writing dependency_links to ../../build/py_pubsub/py_pubsub.egg-info/dependency_links.txt
[1.404s] writing entry points to ../../build/py_pubsub/py_pubsub.egg-info/entry_points.txt
[1.404s] writing requirements to ../../build/py_pubsub/py_pubsub.egg-info/requires.txt
[1.404s] writing top-level names to ../../build/py_pubsub/py_pubsub.egg-info/top_level.txt
[1.409s] writing manifest file '../../build/py_pubsub/py_pubsub.egg-info/SOURCES.txt'
[1.433s] reading manifest file '../../build/py_pubsub/py_pubsub.egg-info/SOURCES.txt'
[1.433s] writing manifest file '../../build/py_pubsub/py_pubsub.egg-info/SOURCES.txt'
[1.433s] running build
[1.433s] running build_py
[1.433s] creating /home/rism/ros2_ws/build/py_pubsub/build
[1.433s] creating /home/rism/ros2_ws/build/py_pubsub/build/lib
[1.433s] creating /home/rism/ros2_ws/build/py_pubsub/build/lib/py_pubsub
[1.436s] copying py_pubsub/publisher_member_function.py -> /home/rism/ros2_ws/build/py_pubsub/build/lib/py_pubsub
[1.436s] copying py_pubsub/__init__.py -> /home/rism/ros2_ws/build/py_pubsub/build/lib/py_pubsub
[1.436s] copying py_pubsub/subscriber_member_function.py -> /home/rism/ros2_ws/build/py_pubsub/build/lib/py_pubsub
[1.436s] running install
[1.437s] running install_lib
[1.437s] creating /home/rism/ros2_ws/install/py_pubsub/lib/python3.8/site-packages/py_pubsub
[1.437s] copying /home/rism/ros2_ws/build/py_pubsub/build/lib/py_pubsub/publisher_member_function.py -> /home/rism/ros2_ws/install/py_pubsub/lib/python3.8/site-packages/py_pubsub
[1.437s] copying /home/rism/ros2_ws/build/py_pubsub/build/lib/py_pubsub/__init__.py -> /home/rism/ros2_ws/install/py_pubsub/lib/python3.8/site-packages/py_pubsub
[1.437s] copying /home/rism/ros2_ws/build/py_pubsub/build/lib/py_pubsub/subscriber_member_function.py -> /home/rism/ros2_ws/install/py_pubsub/lib/python3.8/site-packages/py_pubsub
[1.437s] byte-compiling /home/rism/ros2_ws/install/py_pubsub/lib/python3.8/site-packages/py_pubsub/publisher_member_function.py to publisher_member_function.cpython-38.pyc
[1.437s] byte-compiling /home/rism/ros2_ws/install/py_pubsub/lib/python3.8/site-packages/py_pubsub/__init__.py to __init__.cpython-38.pyc
[1.437s] byte-compiling /home/rism/ros2_ws/install/py_pubsub/lib/python3.8/site-packages/py_pubsub/subscriber_member_function.py to subscriber_member_function.cpython-38.pyc
[1.437s] running install_data
[1.438s] creating /home/rism/ros2_ws/install/py_pubsub/share/ament_index
[1.438s] creating /home/rism/ros2_ws/install/py_pubsub/share/ament_index/resource_index
[1.438s] creating /home/rism/ros2_ws/install/py_pubsub/share/ament_index/resource_index/packages
[1.438s] copying resource/py_pubsub -> /home/rism/ros2_ws/install/py_pubsub/share/ament_index/resource_index/packages
[1.438s] copying package.xml -> /home/rism/ros2_ws/install/py_pubsub/share/py_pubsub
[1.438s] running install_egg_info
[1.438s] Copying ../../build/py_pubsub/py_pubsub.egg-info to /home/rism/ros2_ws/install/py_pubsub/lib/python3.8/site-packages/py_pubsub-0.0.0-py3.8.egg-info
[1.438s] running install_scripts
[1.462s] Installing listener script to /home/rism/ros2_ws/install/py_pubsub/lib/py_pubsub
[1.462s] Installing talker script to /home/rism/ros2_ws/install/py_pubsub/lib/py_pubsub
[1.463s] writing list of installed files to '/home/rism/ros2_ws/build/py_pubsub/install.log'
[1.491s] Invoked command in '/home/rism/ros2_ws/src/py_pubsub' returned '0': PYTHONPATH=/home/rism/ros2_ws/build/py_pubsub/prefix_override:/usr/lib/python3/dist-packages/colcon_core/task/python/colcon_distutils_commands:/home/rism/ros2_ws/install/py_pubsub/lib/python3.8/site-packages:${PYTHONPATH} /usr/bin/python3 -W ignore:setup.py install is deprecated -W ignore:easy_install command is deprecated setup.py egg_info --egg-base ../../build/py_pubsub build --build-base /home/rism/ros2_ws/build/py_pubsub/build install --record /home/rism/ros2_ws/build/py_pubsub/install.log --install-scripts $base/lib/py_pubsub --single-version-externally-managed install_data
